<?xml version="1.0" encoding="UTF-8"?>
<!-- Generated by org.testng.reporters.JUnitReportReporter -->
<testsuite skipped="0" hostname="MAY39" name="test_mobile.NewTest" tests="2" failures="0" timestamp="2020-08-31T18:26:54 GMT+07:00" time="6.333" errors="0">
  <testcase name="invaildPassword" time="4.029" classname="test_mobile.NewTest"/>
  <system-out/>
  <testcase name="invaildUser" time="2.304" classname="test_mobile.NewTest"/>
  <system-out/>
</testsuite> <!-- test_mobile.NewTest -->
